Build started 6/24/2014 4:19:36 PM.
     1>Project "C:\Users\tolso_000\Documents\Visual Studio 2010\Blackjack2.0\Blackjack2.0\Blackjack2.0.vcxproj" on node 2 (build target(s)).
     1>InitializeBuildStatus:
         Creating "Debug\Blackjack2.0.unsuccessfulbuild" because "AlwaysCreate" was specified.
       ClCompile:
         c:\Program Files (x86)\Microsoft Visual Studio 10.0\VC\bin\CL.exe /c /ZI /nologo /W3 /WX- /Od /Oy- /D _MBCS /Gm /EHsc /RTC1 /MDd /GS /fp:precise /Zc:wchar_t /Zc:forScope /Fo"Debug\\" /Fd"Debug\vc100.pdb" /Gd /TP /analyze- /errorReport:prompt Main.cpp
         Main.cpp
     1>c:\users\tolso_000\documents\visual studio 2010\blackjack2.0\blackjack2.0\deck.h(74): warning C4244: 'argument' : conversion from 'time_t' to 'unsigned int', possible loss of data
     1>c:\users\tolso_000\documents\visual studio 2010\blackjack2.0\blackjack2.0\main.cpp(99): warning C4804: '<=' : unsafe use of type 'bool' in operation
       Link:
         c:\Program Files (x86)\Microsoft Visual Studio 10.0\VC\bin\link.exe /ERRORREPORT:PROMPT /OUT:"C:\Users\tolso_000\Documents\Visual Studio 2010\Blackjack2.0\Debug\Blackjack2.0.exe" /NOLOGO kernel32.lib user32.lib gdi32.lib winspool.lib comdlg32.lib advapi32.lib shell32.lib ole32.lib oleaut32.lib uuid.lib odbc32.lib odbccp32.lib /MANIFEST /ManifestFile:"Debug\Blackjack2.0.exe.intermediate.manifest" /MANIFESTUAC:"level='asInvoker' uiAccess='false'" /DEBUG /PDB:"C:\Users\tolso_000\Documents\Visual Studio 2010\Blackjack2.0\Debug\Blackjack2.0.pdb" /TLBID:1 /DYNAMICBASE /NXCOMPAT /IMPLIB:"C:\Users\tolso_000\Documents\Visual Studio 2010\Blackjack2.0\Debug\Blackjack2.0.lib" /MACHINE:X86 Debug\Main.obj
         LINK : C:\Users\tolso_000\Documents\Visual Studio 2010\Blackjack2.0\Debug\Blackjack2.0.exe not found or not built by the last incremental link; performing full link
         Blackjack2.0.vcxproj -> C:\Users\tolso_000\Documents\Visual Studio 2010\Blackjack2.0\Debug\Blackjack2.0.exe
       Manifest:
         C:\Program Files (x86)\Microsoft SDKs\Windows\v7.0A\bin\mt.exe /nologo /verbose /outputresource:"C:\Users\tolso_000\Documents\Visual Studio 2010\Blackjack2.0\Debug\Blackjack2.0.exe;#1" /manifest Debug\Blackjack2.0.exe.intermediate.manifest
       FinalizeBuildStatus:
         Deleting file "Debug\Blackjack2.0.unsuccessfulbuild".
         Touching "Debug\Blackjack2.0.lastbuildstate".
     1>Done Building Project "C:\Users\tolso_000\Documents\Visual Studio 2010\Blackjack2.0\Blackjack2.0\Blackjack2.0.vcxproj" (build target(s)).

Build succeeded.

Time Elapsed 00:00:01.21
